\BOOKMARK [0][-]{chapter.1}{Uvod}{}% 1
\BOOKMARK [1][-]{section.1.1}{Racunalni vid}{chapter.1}% 2
\BOOKMARK [1][-]{section.1.2}{Detekcija objekata}{chapter.1}% 3
\BOOKMARK [1][-]{section.1.3}{Cilj}{chapter.1}% 4
\BOOKMARK [0][-]{chapter.2}{Postojece metode detekcije objekata}{}% 5
\BOOKMARK [1][-]{section.2.1}{R-CNN modeli}{chapter.2}% 6
\BOOKMARK [2][-]{subsection.2.1.1}{R-CNN}{section.2.1}% 7
\BOOKMARK [2][-]{subsection.2.1.2}{Brzi R-CNN}{section.2.1}% 8
\BOOKMARK [2][-]{subsection.2.1.3}{Br\236i R-CNN}{section.2.1}% 9
\BOOKMARK [1][-]{section.2.2}{YOLO modeli}{chapter.2}% 10
\BOOKMARK [2][-]{subsection.2.2.1}{YOLO}{section.2.2}% 11
\BOOKMARK [2][-]{subsection.2.2.2}{YOLOv2}{section.2.2}% 12
\BOOKMARK [1][-]{section.2.3}{SSD}{chapter.2}% 13
\BOOKMARK [0][-]{chapter.3}{Zahtjevi aplikacije i kori\235tene tehnologije}{}% 14
\BOOKMARK [1][-]{section.3.1}{Zahtjevi}{chapter.3}% 15
\BOOKMARK [2][-]{subsection.3.1.1}{Korisnicki zahtjevi}{section.3.1}% 16
\BOOKMARK [1][-]{section.3.2}{Funckionalni zahtjevi}{chapter.3}% 17
\BOOKMARK [1][-]{section.3.3}{Tehnologije}{chapter.3}% 18
\BOOKMARK [2][-]{subsection.3.3.1}{Tensorflow}{section.3.3}% 19
\BOOKMARK [2][-]{subsection.3.3.2}{Flutter}{section.3.3}% 20
\BOOKMARK [0][-]{chapter.4}{Implementacija i rezultati}{}% 21
\BOOKMARK [1][-]{section.4.1}{Izgled skupa podataka i pohrana}{chapter.4}% 22
\BOOKMARK [1][-]{section.4.2}{Sucelja i alati}{chapter.4}% 23
\BOOKMARK [1][-]{section.4.3}{SSD Mobilenet}{chapter.4}% 24
\BOOKMARK [1][-]{section.4.4}{Treniranje}{chapter.4}% 25
\BOOKMARK [1][-]{section.4.5}{Validacija}{chapter.4}% 26
\BOOKMARK [1][-]{section.4.6}{Mobilna aplikacija}{chapter.4}% 27
\BOOKMARK [1][-]{section.4.7}{Testiranje aplikacije}{chapter.4}% 28
\BOOKMARK [0][-]{chapter.5}{Zakljucak}{}% 29
\BOOKMARK [0][-]{chapter*.24}{Literatura}{}% 30
